<?xml version="1.0" encoding="UTF-8"?><testsuite name="Safari_53434_Linux.unit.binding.BindingWire" errors="0" failures="0" tests="5" time="0.0">
<testcase classname="Safari_53434_Linux.unit.binding.BindingWire" name="testStoreLinksToBindableAndHandler" time="0.0"/>
<testcase classname="Safari_53434_Linux.unit.binding.BindingWire" name="testDoesNotWireByDefault" time="0.0"/>
<testcase classname="Safari_53434_Linux.unit.binding.BindingWire" name="testShouldWireOnInit" time="0.0"/>
<testcase classname="Safari_53434_Linux.unit.binding.BindingWire" name="testShouldWireOnDispose" time="0.0"/>
<testcase classname="Safari_53434_Linux.unit.binding.BindingWire" name="testShouldDisposeHandlerOnDispose" time="0.0"/>
</testsuite>
