<?xml version="1.0" encoding="UTF-8"?><testsuite name="Safari_53434_Linux.system.JS_ON.Disposing" errors="0" failures="0" tests="2" time="0.002">
<testcase classname="Safari_53434_Linux.system.JS_ON.Disposing" name="testDispose_ShouldUnbindEventHandler" time="0.001"/>
<testcase classname="Safari_53434_Linux.system.JS_ON.Disposing" name="testDispose_ShouldNotUnbindForeignEventHandler" time="0.001"/>
</testsuite>
