<?xml version="1.0" encoding="UTF-8"?><testsuite name="Safari_53434_Linux.system.JS_BIND.FormFieldTextBidirectional" errors="0" failures="0" tests="5" time="0.002">
<testcase classname="Safari_53434_Linux.system.JS_BIND.FormFieldTextBidirectional" name="testTextBidirectional_NoOptions_ShouldChangeValue" time="0.001"/>
<testcase classname="Safari_53434_Linux.system.JS_BIND.FormFieldTextBidirectional" name="testTextBidirectional_CustomCommand_ShouldCallCommand" time="0.0"/>
<testcase classname="Safari_53434_Linux.system.JS_BIND.FormFieldTextBidirectional" name="testTextBidirectional_CustomCommandAndContext_ShouldCallCommandOnContext" time="0.001"/>
<testcase classname="Safari_53434_Linux.system.JS_BIND.FormFieldTextBidirectional" name="testTextBidirectional_CustomEvent_ShouldChangeValueOnCustomEventOnly" time="0.0"/>
<testcase classname="Safari_53434_Linux.system.JS_BIND.FormFieldTextBidirectional" name="testTextBidirectional_NoBidirectional_ShouldNotChangeValue" time="0.0"/>
</testsuite>
