<?xml version="1.0" encoding="UTF-8"?><testsuite name="Safari_53434_Linux.system.CustomCallback" errors="0" failures="0" tests="3" time="0.0050000004">
<testcase classname="Safari_53434_Linux.system.CustomCallback" name="test_bindToCallback_invokesCallbackOnChange" time="0.004"/>
<testcase classname="Safari_53434_Linux.system.CustomCallback" name="test_bindToCallback_invokesCallbackOnEveryChange" time="0.001"/>
<testcase classname="Safari_53434_Linux.system.CustomCallback" name="test_bindToCallback_invokesCallbackOnceBeforeAnyChange" time="0.0"/>
</testsuite>
