<?xml version="1.0" encoding="UTF-8"?><testsuite name="Safari_53434_Linux.system.JS_BIND.FormField" errors="0" failures="0" tests="6" time="0.003">
<testcase classname="Safari_53434_Linux.system.JS_BIND.FormField" name="testText_ValueTypeIsFormField_ShouldChangeValue" time="0.001"/>
<testcase classname="Safari_53434_Linux.system.JS_BIND.FormField" name="testText_AutodetectFormField_ShouldChangeValue" time="0.0"/>
<testcase classname="Safari_53434_Linux.system.JS_BIND.FormField" name="testTextarea_ValueTypeIsFormField_ShouldChangeValue" time="0.0"/>
<testcase classname="Safari_53434_Linux.system.JS_BIND.FormField" name="testTextarea_AutodetectFormField_ShouldChangeValue" time="0.0"/>
<testcase classname="Safari_53434_Linux.system.JS_BIND.FormField" name="testCheckbox_ValueTypeIsFormField_ShouldChangeValue" time="0.002"/>
<testcase classname="Safari_53434_Linux.system.JS_BIND.FormField" name="testCheckbox_AutodetectFormField_ShouldChangeValue" time="0.0"/>
</testsuite>
