<?xml version="1.0" encoding="UTF-8"?><testsuite name="Safari_53434_Linux.system.JS_ON.ClickView" errors="0" failures="0" tests="5" time="0.003">
<testcase classname="Safari_53434_Linux.system.JS_ON.ClickView" name="test_OnClickDoFunction_ShouldCallCallback" time="0.001"/>
<testcase classname="Safari_53434_Linux.system.JS_ON.ClickView" name="test_OnClickDoFunction_ShouldCallOnViewModel" time="0.0"/>
<testcase classname="Safari_53434_Linux.system.JS_ON.ClickView" name="test_OnClickDoCommand_ShouldCallCallback" time="0.001"/>
<testcase classname="Safari_53434_Linux.system.JS_ON.ClickView" name="test_OnClickDoCommand_ShouldCallOnCommand" time="0.0"/>
<testcase classname="Safari_53434_Linux.system.JS_ON.ClickView" name="test_OnClick_ShouldRespectViewContext" time="0.001"/>
</testsuite>
