<?xml version="1.0" encoding="UTF-8"?><testsuite name="Safari_53434_Linux.unit.EventTests" errors="0" failures="0" tests="6" time="0.001">
<testcase classname="Safari_53434_Linux.unit.EventTests" name="testTrigger_HasNoArgsListener_ShouldTriggerListener" time="0.0"/>
<testcase classname="Safari_53434_Linux.unit.EventTests" name="testTrigger_HasListenerWithArg_ShouldTriggerListener" time="0.0"/>
<testcase classname="Safari_53434_Linux.unit.EventTests" name="testGetListenersCount_AddListeners_ShouldIncrease" time="0.001"/>
<testcase classname="Safari_53434_Linux.unit.EventTests" name="testHasListeners_NewEvent_ShouldReturnFalse" time="0.0"/>
<testcase classname="Safari_53434_Linux.unit.EventTests" name="testHasListeners_EventWithListener_ShouldReturnTrue" time="0.0"/>
<testcase classname="Safari_53434_Linux.unit.EventTests" name="testDisposeSubscription_HasListener_ShouldDecreaseListenersCount" time="0.0"/>
</testsuite>
