<?xml version="1.0" encoding="UTF-8"?><testsuite name="Safari_53434_Linux.system.JS_CREATE_VIEW.InitState" errors="0" failures="0" tests="1" time="0.002">
<testcase classname="Safari_53434_Linux.system.JS_CREATE_VIEW.InitState" name="testViewWithInitStateShouldRenderTemplate" time="0.002"/>
</testsuite>
