<?xml version="1.0" encoding="UTF-8"?><testsuite name="Safari_53434_Linux.system.JS_CREATE_VIEW.SimpleViews" errors="0" failures="0" tests="4" time="0.006">
<testcase classname="Safari_53434_Linux.system.JS_CREATE_VIEW.SimpleViews" name="testCreateView_InstanceViewData_ShouldRenderView" time="0.002"/>
<testcase classname="Safari_53434_Linux.system.JS_CREATE_VIEW.SimpleViews" name="testCreateView_ViewClassData_ShouldRenderView" time="0.001"/>
<testcase classname="Safari_53434_Linux.system.JS_CREATE_VIEW.SimpleViews" name="testCreateView_ViewClassInstanceData_ShouldRenderView" time="0.001"/>
<testcase classname="Safari_53434_Linux.system.JS_CREATE_VIEW.SimpleViews" name="testCreateView_ViewClassInstanceData_ShouldRespectDataFieldsInInitMethod" time="0.002"/>
</testsuite>
