<?xml version="1.0" encoding="UTF-8"?><testsuite name="Safari_53434_Linux.unit.binding.DependentValueTests" errors="0" failures="0" tests="2" time="0.001">
<testcase classname="Safari_53434_Linux.unit.binding.DependentValueTests" name="testCallsListenerOnDependenciesChange" time="0.001"/>
<testcase classname="Safari_53434_Linux.unit.binding.DependentValueTests" name="test_getValue_shouldReturnEvaluatedValue" time="0.0"/>
</testsuite>
