<?xml version="1.0" encoding="UTF-8"?><testsuite name="Safari_53434_Linux.unit.binding.StaticBindableValue" errors="0" failures="0" tests="1" time="0.0">
<testcase classname="Safari_53434_Linux.unit.binding.StaticBindableValue" name="testStoreValue" time="0.0"/>
</testsuite>
