<?xml version="1.0" encoding="UTF-8"?><testsuite name="Safari_53434_Linux.system.JS_ON.Click" errors="0" failures="0" tests="4" time="0.001">
<testcase classname="Safari_53434_Linux.system.JS_ON.Click" name="test_OnClickDoCommand_ShouldCallFunction" time="0.0"/>
<testcase classname="Safari_53434_Linux.system.JS_ON.Click" name="test_OnClickDoFunction_ShouldCallFunction" time="0.0"/>
<testcase classname="Safari_53434_Linux.system.JS_ON.Click" name="test_OnClickDoViewModelMethod_ShouldPreserveContext" time="0.001"/>
<testcase classname="Safari_53434_Linux.system.JS_ON.Click" name="test_OnClickDoCommand_ShouldPreserveContext" time="0.0"/>
</testsuite>
