<?xml version="1.0" encoding="UTF-8"?><testsuite name="Safari_53434_Linux.system.JS_ON.Checked" errors="0" failures="0" tests="3" time="0.002">
<testcase classname="Safari_53434_Linux.system.JS_ON.Checked" name="test_OnChangeFetchChecked_ShouldCallCallback" time="0.001"/>
<testcase classname="Safari_53434_Linux.system.JS_ON.Checked" name="test_OnChangeFetchChecked_ShouldPassValueToCallback" time="0.0"/>
<testcase classname="Safari_53434_Linux.system.JS_ON.Checked" name="test_OnChangeAutodetect_ShouldPassValueToCallback" time="0.001"/>
</testsuite>
