<?xml version="1.0" encoding="UTF-8"?><testsuite name="Safari_53434_Linux.system.JS_CREATE_VIEW.NestedViews" errors="0" failures="0" tests="4" time="0.009000001">
<testcase classname="Safari_53434_Linux.system.JS_CREATE_VIEW.NestedViews" name="testNestedView_ViewClassInInitData_ShouldRenderViewTree" time="0.006"/>
<testcase classname="Safari_53434_Linux.system.JS_CREATE_VIEW.NestedViews" name="testNestedView_ViewInstanceInInitData_ShouldRenderViewTree" time="0.001"/>
<testcase classname="Safari_53434_Linux.system.JS_CREATE_VIEW.NestedViews" name="testNestedView_ViewClassAddedToInstance_ShouldRenderViewTree" time="0.001"/>
<testcase classname="Safari_53434_Linux.system.JS_CREATE_VIEW.NestedViews" name="testNestedView_ViewInstanceAddedToInstance_ShouldRenderViewTree" time="0.001"/>
</testsuite>
