<?xml version="1.0" encoding="UTF-8"?><testsuite name="Safari_53434_Linux.system.JS_CREATE_VIEW.Unrender" errors="0" failures="0" tests="3" time="0.004">
<testcase classname="Safari_53434_Linux.system.JS_CREATE_VIEW.Unrender" name="testValueView_UnrenderConfigured_ShouldCallUnrenderOnChange" time="0.001"/>
<testcase classname="Safari_53434_Linux.system.JS_CREATE_VIEW.Unrender" name="testValueView_UnrenderConfigured_ShouldCallUnrenderOnViewContextObject" time="0.001"/>
<testcase classname="Safari_53434_Linux.system.JS_CREATE_VIEW.Unrender" name="testListView_UnrenderConfigured_ShouldCallUnrenderOnDeletingItems" time="0.002"/>
</testsuite>
