<?xml version="1.0" encoding="UTF-8"?><testsuite name="Safari_53434_Linux.system.JS_BIND.Static" errors="0" failures="0" tests="4" time="0.001">
<testcase classname="Safari_53434_Linux.system.JS_BIND.Static" name="test_Text_ShouldRenderValue" time="0.0"/>
<testcase classname="Safari_53434_Linux.system.JS_BIND.Static" name="test_Html_ShouldRenderEncodedValue" time="0.001"/>
<testcase classname="Safari_53434_Linux.system.JS_BIND.Static" name="test_HtmlEncode_ShouldRenderHtml" time="0.0"/>
<testcase classname="Safari_53434_Linux.system.JS_BIND.Static" name="testCanBindEmptyString" time="0.0"/>
</testsuite>
