<?xml version="1.0" encoding="UTF-8"?><testsuite name="Safari_53434_Linux.system.JS_BIND.List_NestedBinding" errors="0" failures="0" tests="1" time="0.004">
<testcase classname="Safari_53434_Linux.system.JS_BIND.List_NestedBinding" name="testNestedBindingsShouldWorkForListItems" time="0.004"/>
</testsuite>
