<?xml version="1.0" encoding="UTF-8"?><testsuite name="Safari_53434_Linux.unit.binding.BindableList" errors="0" failures="0" tests="10" time="0.002">
<testcase classname="Safari_53434_Linux.unit.binding.BindableList" name="testForEachCallback" time="0.0"/>
<testcase classname="Safari_53434_Linux.unit.binding.BindableList" name="testForEachThisArg" time="0.0"/>
<testcase classname="Safari_53434_Linux.unit.binding.BindableList" name="testSetValueThrowsErrorIfValueIsNotArray" time="0.001"/>
<testcase classname="Safari_53434_Linux.unit.binding.BindableList" name="testHasValueByDefault" time="0.0"/>
<testcase classname="Safari_53434_Linux.unit.binding.BindableList" name="testCanAddMultipleItems" time="0.0"/>
<testcase classname="Safari_53434_Linux.unit.binding.BindableList" name="testCanDeleteMultipleItems" time="0.0"/>
<testcase classname="Safari_53434_Linux.unit.binding.BindableList" name="testShouldNotifyListenerOnAdd" time="0.0"/>
<testcase classname="Safari_53434_Linux.unit.binding.BindableList" name="testShouldNotifyListenerOnDelete" time="0.001"/>
<testcase classname="Safari_53434_Linux.unit.binding.BindableList" name="testShouldNotifyListenerOnClear" time="0.0"/>
<testcase classname="Safari_53434_Linux.unit.binding.BindableList" name="testClearShouldDeleteAllItems" time="0.0"/>
</testsuite>
