<?xml version="1.0" encoding="UTF-8"?><testsuite name="Safari_53434_Linux.system.JS_BIND.CustomBindable" errors="0" failures="0" tests="2" time="0.001">
<testcase classname="Safari_53434_Linux.system.JS_BIND.CustomBindable" name="test_CustomBindable_RendersDefaultValue" time="0.001"/>
<testcase classname="Safari_53434_Linux.system.JS_BIND.CustomBindable" name="test_CustomBindable_CouldRender" time="0.0"/>
</testsuite>
