<?xml version="1.0" encoding="UTF-8"?><testsuite name="Safari_53434_Linux.system.JS_CREATE_VIEW.BindBidirectional" errors="0" failures="0" tests="2" time="0.011">
<testcase classname="Safari_53434_Linux.system.JS_CREATE_VIEW.BindBidirectional" name="testBindBidirectional_NoOptions_ShouldChangeViewModelOnChange" time="0.009"/>
<testcase classname="Safari_53434_Linux.system.JS_CREATE_VIEW.BindBidirectional" name="testBindBidirectional_CustomCommand_ShouldCallCommandOnChange" time="0.002"/>
</testsuite>
