<?xml version="1.0" encoding="UTF-8"?><testsuite name="Safari_53434_Linux.system.JS_ON.Change" errors="0" failures="0" tests="4" time="0.002">
<testcase classname="Safari_53434_Linux.system.JS_ON.Change" name="test_OnChange_ShouldCallCallback" time="0.001"/>
<testcase classname="Safari_53434_Linux.system.JS_ON.Change" name="test_OnChange_ShouldPassValueToCallback" time="0.0"/>
<testcase classname="Safari_53434_Linux.system.JS_ON.Change" name="test_OnChangeAutodetect_ShouldCallCallback" time="0.001"/>
<testcase classname="Safari_53434_Linux.system.JS_ON.Change" name="test_OnChangeAutodetect_ShouldPassValueToCallback" time="0.0"/>
</testsuite>
